<?xml version="1.0" encoding="UTF-8"?>
<testsuite xmlns:xsi="http://www.w3.org/2001/XMLSchema-instance" xsi:noNamespaceSchemaLocation="https://maven.apache.org/surefire/maven-surefire-plugin/xsd/surefire-test-report.xsd" name="fr.formation.services.CalculTest" time="0.075" tests="5" errors="0" skipped="0" failures="0">
  <properties>
[...]
</properties>
  <testcase name="testSomme{TestInfo, RepetitionInfo}[1]" classname="fr.formation.services.CalculTest" time="0.027"/>
  <testcase name="testSomme{TestInfo, RepetitionInfo}[2]" classname="fr.formation.services.CalculTest" time="0.001"/>
  <testcase name="testSomme{TestInfo, RepetitionInfo}[3]" classname="fr.formation.services.CalculTest" time="0.002"/>
  <testcase name="testDivisionByZero{TestInfo}" classname="fr.formation.services.CalculTest" time="0.002"/>
  <testcase name="testDivision{TestInfo}" classname="fr.formation.services.CalculTest" time="0"/>
</testsuite>